#
# There is insufficient memory for the Java Runtime Environment to continue.
# Native memory allocation (malloc) failed to allocate 266128 bytes for Chunk::new
# Possible reasons:
#   The system is out of physical RAM or swap space
#   The process is running with CompressedOops enabled, and the Java Heap may be blocking the growth of the native heap
# Possible solutions:
#   Reduce memory load on the system
#   Increase physical memory or swap space
#   Check if swap backing store is full
#   Decrease Java heap size (-Xmx/-Xms)
#   Decrease number of Java threads
#   Decrease Java thread stack sizes (-Xss)
#   Set larger code cache with -XX:ReservedCodeCacheSize=
#   JVM is running with Zero Based Compressed Oops mode in which the Java heap is
#     placed in the first 32GB address space. The Java Heap base address is the
#     maximum limit for the native heap growth. Please use -XX:HeapBaseMinAddress
#     to set the Java Heap base and to place the Java Heap above 32GB virtual address.
# This output file may be truncated or incomplete.
#
#  Out of Memory Error (arena.cpp:184), pid=22300, tid=8484
#
# JRE version: Java(TM) SE Runtime Environment (19.0.1+10) (build 19.0.1+10-21)
# Java VM: Java HotSpot(TM) 64-Bit Server VM (19.0.1+10-21, mixed mode, sharing, tiered, compressed oops, compressed class ptrs, g1 gc, windows-amd64)
# No core dump will be written. Minidumps are not enabled by default on client versions of Windows
#

---------------  S U M M A R Y ------------

Command Line: -agentlib:jdwp=transport=dt_socket,address=127.0.0.1:56146,suspend=y,server=n -javaagent:C:\Users\zykai\AppData\Local\JetBrains\IdeaIC2023.2\captureAgent\debugger-agent.jar -Dfile.encoding=UTF-8 -Dsun.stdout.encoding=UTF-8 -Dsun.stderr.encoding=UTF-8 ro.shum.ProductManagementApp.ProductManagementAppApplication

Host: Intel(R) Core(TM) i5-8300H CPU @ 2.30GHz, 8 cores, 13G,  Windows 10 , 64 bit Build 19041 (10.0.19041.3636)
Time: Tue Jan 23 23:10:11 2024 RTZ 7 (s 10 , 64 bit Build 19041 (10.0.19041.3636) elapsed time: 1.259713 seconds (0d 0h 0m 1s)

---------------  T H R E A D  ---------------

Current thread (0x0000017e6bff0ed0):  JavaThread "C2 CompilerThread0" daemon [_thread_in_native, id=8484, stack(0x0000001757d00000,0x0000001757e00000)]


Current CompileTask:
C2:   1259 1330       4       java.util.jar.JarFile::getEntry (35 bytes)

Stack: [0x0000001757d00000,0x0000001757e00000]
Native frames: (J=compiled Java code, j=interpreted, Vv=VM code, C=native code)
V  [jvm.dll+0x6ee8fa]
V  [jvm.dll+0x857a1e]
V  [jvm.dll+0x85940e]
V  [jvm.dll+0x859ac3]
V  [jvm.dll+0x28291f]
V  [jvm.dll+0xc9b5f]
V  [jvm.dll+0xc9ee5]
V  [jvm.dll+0x3bcbac]
V  [jvm.dll+0x386201]
V  [jvm.dll+0x38567a]
V  [jvm.dll+0x24c2c9]
V  [jvm.dll+0x24b671]
V  [jvm.dll+0x1d6d61]
V  [jvm.dll+0x25b0fa]
V  [jvm.dll+0x259588]
V  [jvm.dll+0x807928]
V  [jvm.dll+0x8015fa]
V  [jvm.dll+0x6ed5eb]
C  [ucrtbase.dll+0x21bb2]
C  [KERNEL32.DLL+0x17344]
C  [ntdll.dll+0x526b1]


---------------  P R O C E S S  ---------------

Threads class SMR info:
_java_thread_list=0x0000017e70683f00, length=16, elements={
0x0000017e47f5da90, 0x0000017e6bfdb5b0, 0x0000017e6bfdc1a0, 0x0000017e6bfdd790,
0x0000017e6bfdf0d0, 0x0000017e6bfdfb40, 0x0000017e6bfe10a0, 0x0000017e6bff0ed0,
0x0000017e6bffac70, 0x0000017e6bfe0b50, 0x0000017e6bfe3080, 0x0000017e705790f0,
0x0000017e70593470, 0x0000017e706437b0, 0x0000017e6bfe15f0, 0x0000017e7068a390
}

Java Threads: ( => current thread )
  0x0000017e47f5da90 JavaThread "main" [_thread_in_vm, id=19720, stack(0x0000001757000000,0x0000001757100000)]
  0x0000017e6bfdb5b0 JavaThread "Reference Handler" daemon [_thread_blocked, id=20048, stack(0x0000001757700000,0x0000001757800000)]
  0x0000017e6bfdc1a0 JavaThread "Finalizer" daemon [_thread_blocked, id=12676, stack(0x0000001757800000,0x0000001757900000)]
  0x0000017e6bfdd790 JavaThread "Signal Dispatcher" daemon [_thread_blocked, id=15548, stack(0x0000001757900000,0x0000001757a00000)]
  0x0000017e6bfdf0d0 JavaThread "Attach Listener" daemon [_thread_blocked, id=22336, stack(0x0000001757a00000,0x0000001757b00000)]
  0x0000017e6bfdfb40 JavaThread "Service Thread" daemon [_thread_blocked, id=9252, stack(0x0000001757b00000,0x0000001757c00000)]
  0x0000017e6bfe10a0 JavaThread "Monitor Deflation Thread" daemon [_thread_blocked, id=19968, stack(0x0000001757c00000,0x0000001757d00000)]
=>0x0000017e6bff0ed0 JavaThread "C2 CompilerThread0" daemon [_thread_in_native, id=8484, stack(0x0000001757d00000,0x0000001757e00000)]
  0x0000017e6bffac70 JavaThread "C1 CompilerThread0" daemon [_thread_in_native, id=2300, stack(0x0000001757e00000,0x0000001757f00000)]
  0x0000017e6bfe0b50 JavaThread "Sweeper thread" daemon [_thread_blocked, id=9248, stack(0x0000001757f00000,0x0000001758000000)]
  0x0000017e6bfe3080 JavaThread "Common-Cleaner" daemon [_thread_blocked, id=18484, stack(0x0000001758000000,0x0000001758100000)]
  0x0000017e705790f0 JavaThread "JDWP Transport Listener: dt_socket" daemon [_thread_blocked, id=3248, stack(0x0000001758100000,0x0000001758200000)]
  0x0000017e70593470 JavaThread "JDWP Event Helper Thread" daemon [_thread_blocked, id=10232, stack(0x0000001758200000,0x0000001758300000)]
  0x0000017e706437b0 JavaThread "JDWP Command Reader" daemon [_thread_in_native, id=5056, stack(0x0000001758300000,0x0000001758400000)]
  0x0000017e6bfe15f0 JavaThread "Notification Thread" daemon [_thread_blocked, id=21452, stack(0x0000001758400000,0x0000001758500000)]
  0x0000017e7068a390 JavaThread "C2 CompilerThread1" daemon [_thread_in_native, id=8616, stack(0x0000001758600000,0x0000001758700000)]

Other Threads:
  0x0000017e6bfbeb40 VMThread "VM Thread" [stack: 0x0000001757600000,0x0000001757700000] [id=10416]
  0x0000017e70577d20 WatcherThread "VM Periodic Task Thread" [stack: 0x0000001758500000,0x0000001758600000] [id=13884]
  0x0000017e47fc5a30 WorkerThread "GC Thread#0" [stack: 0x0000001757100000,0x0000001757200000] [id=8048]
  0x0000017e70fae130 WorkerThread "GC Thread#1" [stack: 0x0000001758700000,0x0000001758800000] [id=6496]
  0x0000017e70a5be40 WorkerThread "GC Thread#2" [stack: 0x0000001758800000,0x0000001758900000] [id=17104]
  0x0000017e70a5c110 WorkerThread "GC Thread#3" [stack: 0x0000001758900000,0x0000001758a00000] [id=4260]
  0x0000017e70fc4830 WorkerThread "GC Thread#4" [stack: 0x0000001758a00000,0x0000001758b00000] [id=2204]
  0x0000017e70e798c0 WorkerThread "GC Thread#5" [stack: 0x0000001758b00000,0x0000001758c00000] [id=16788]
  0x0000017e71035a50 WorkerThread "GC Thread#6" [stack: 0x0000001758c00000,0x0000001758d00000] [id=18268]
  0x0000017e71035780 WorkerThread "GC Thread#7" [stack: 0x0000001758d00000,0x0000001758e00000] [id=11072]
  0x0000017e47fd4940 ConcurrentGCThread "G1 Main Marker" [stack: 0x0000001757200000,0x0000001757300000] [id=23964]
  0x0000017e47fd5b10 WorkerThread "G1 Conc#0" [stack: 0x0000001757300000,0x0000001757400000] [id=22292]
  0x0000017e4801e290 ConcurrentGCThread "G1 Refine#0" [stack: 0x0000001757400000,0x0000001757500000] [id=19348]
  0x0000017e6be76100 ConcurrentGCThread "G1 Service" [stack: 0x0000001757500000,0x0000001757600000] [id=7500]

Threads with active compile tasks:
C2 CompilerThread0     1280 1330       4       java.util.jar.JarFile::getEntry (35 bytes)
C1 CompilerThread0     1280 1378       3       org.springframework.boot.context.properties.source.ConfigurationPropertyName::elementDiffers (94 bytes)
C2 CompilerThread1     1280 1329   !   4       jdk.internal.loader.URLClassPath$JarLoader::getResource (65 bytes)

VM state: not at safepoint (normal execution)

VM Mutex/Monitor currently owned by a thread: None

Heap address: 0x0000000721e00000, size: 3554 MB, Compressed Oops mode: Zero based, Oop shift amount: 3

CDS archive(s) mapped at: [0x0000000800000000-0x0000000800c40000-0x0000000800c40000), size 12845056, SharedBaseAddress: 0x0000000800000000, ArchiveRelocationMode: 0.
Compressed class space mapped at: 0x0000000801000000-0x0000000841000000, reserved size: 1073741824
Narrow klass base: 0x0000000800000000, Narrow klass shift: 0, Narrow klass range: 0x100000000

GC Precious Log:
 CardTable entry size: 512
 Card Set container configuration: InlinePtr #cards 4 size 8 Array Of Cards #cards 16 size 48 Howl #buckets 8 coarsen threshold 3686 Howl Bitmap #cards 512 size 80 coarsen threshold 460 Card regions per heap region 1 cards per card region 4096
 CPUs: 8 total, 8 available
 Memory: 14213M
 Large Page Support: Disabled
 NUMA Support: Disabled
 Compressed Oops: Enabled (Zero based)
 Heap Region Size: 2M
 Heap Min Capacity: 8M
 Heap Initial Capacity: 224M
 Heap Max Capacity: 3554M
 Pre-touch: Disabled
 Parallel Workers: 8
 Concurrent Workers: 2
 Concurrent Refinement Workers: 8
 Periodic GC: Disabled

Heap:
 garbage-first heap   total 229376K, used 14174K [0x0000000721e00000, 0x0000000800000000)
  region size 2048K, 8 young (16384K), 2 survivors (4096K)
 Metaspace       used 7701K, committed 7936K, reserved 1114112K
  class space    used 911K, committed 1024K, reserved 1048576K

Heap Regions: E=young(eden), S=young(survivor), O=old, HS=humongous(starts), HC=humongous(continues), CS=collection set, F=free, OA=open archive, CA=closed archive, TAMS=top-at-mark-start (previous, next)
|   0|0x0000000721e00000, 0x0000000721e00000, 0x0000000722000000|  0%| F|  |TAMS 0x0000000721e00000, 0x0000000721e00000| Untracked 
|   1|0x0000000722000000, 0x0000000722000000, 0x0000000722200000|  0%| F|  |TAMS 0x0000000722000000, 0x0000000722000000| Untracked 
|   2|0x0000000722200000, 0x0000000722200000, 0x0000000722400000|  0%| F|  |TAMS 0x0000000722200000, 0x0000000722200000| Untracked 
|   3|0x0000000722400000, 0x0000000722400000, 0x0000000722600000|  0%| F|  |TAMS 0x0000000722400000, 0x0000000722400000| Untracked 
|   4|0x0000000722600000, 0x0000000722600000, 0x0000000722800000|  0%| F|  |TAMS 0x0000000722600000, 0x0000000722600000| Untracked 
|   5|0x0000000722800000, 0x0000000722800000, 0x0000000722a00000|  0%| F|  |TAMS 0x0000000722800000, 0x0000000722800000| Untracked 
|   6|0x0000000722a00000, 0x0000000722a00000, 0x0000000722c00000|  0%| F|  |TAMS 0x0000000722a00000, 0x0000000722a00000| Untracked 
|   7|0x0000000722c00000, 0x0000000722c00000, 0x0000000722e00000|  0%| F|  |TAMS 0x0000000722c00000, 0x0000000722c00000| Untracked 
|   8|0x0000000722e00000, 0x0000000722e00000, 0x0000000723000000|  0%| F|  |TAMS 0x0000000722e00000, 0x0000000722e00000| Untracked 
|   9|0x0000000723000000, 0x0000000723000000, 0x0000000723200000|  0%| F|  |TAMS 0x0000000723000000, 0x0000000723000000| Untracked 
|  10|0x0000000723200000, 0x0000000723200000, 0x0000000723400000|  0%| F|  |TAMS 0x0000000723200000, 0x0000000723200000| Untracked 
|  11|0x0000000723400000, 0x0000000723400000, 0x0000000723600000|  0%| F|  |TAMS 0x0000000723400000, 0x0000000723400000| Untracked 
|  12|0x0000000723600000, 0x0000000723600000, 0x0000000723800000|  0%| F|  |TAMS 0x0000000723600000, 0x0000000723600000| Untracked 
|  13|0x0000000723800000, 0x0000000723800000, 0x0000000723a00000|  0%| F|  |TAMS 0x0000000723800000, 0x0000000723800000| Untracked 
|  14|0x0000000723a00000, 0x0000000723a00000, 0x0000000723c00000|  0%| F|  |TAMS 0x0000000723a00000, 0x0000000723a00000| Untracked 
|  15|0x0000000723c00000, 0x0000000723c00000, 0x0000000723e00000|  0%| F|  |TAMS 0x0000000723c00000, 0x0000000723c00000| Untracked 
|  16|0x0000000723e00000, 0x0000000723e00000, 0x0000000724000000|  0%| F|  |TAMS 0x0000000723e00000, 0x0000000723e00000| Untracked 
|  17|0x0000000724000000, 0x0000000724000000, 0x0000000724200000|  0%| F|  |TAMS 0x0000000724000000, 0x0000000724000000| Untracked 
|  18|0x0000000724200000, 0x0000000724200000, 0x0000000724400000|  0%| F|  |TAMS 0x0000000724200000, 0x0000000724200000| Untracked 
|  19|0x0000000724400000, 0x0000000724400000, 0x0000000724600000|  0%| F|  |TAMS 0x0000000724400000, 0x0000000724400000| Untracked 
|  20|0x0000000724600000, 0x0000000724600000, 0x0000000724800000|  0%| F|  |TAMS 0x0000000724600000, 0x0000000724600000| Untracked 
|  21|0x0000000724800000, 0x0000000724800000, 0x0000000724a00000|  0%| F|  |TAMS 0x0000000724800000, 0x0000000724800000| Untracked 
|  22|0x0000000724a00000, 0x0000000724a00000, 0x0000000724c00000|  0%| F|  |TAMS 0x0000000724a00000, 0x0000000724a00000| Untracked 
|  23|0x0000000724c00000, 0x0000000724c00000, 0x0000000724e00000|  0%| F|  |TAMS 0x0000000724c00000, 0x0000000724c00000| Untracked 
|  24|0x0000000724e00000, 0x0000000724e00000, 0x0000000725000000|  0%| F|  |TAMS 0x0000000724e00000, 0x0000000724e00000| Untracked 
|  25|0x0000000725000000, 0x0000000725000000, 0x0000000725200000|  0%| F|  |TAMS 0x0000000725000000, 0x0000000725000000| Untracked 
|  26|0x0000000725200000, 0x0000000725200000, 0x0000000725400000|  0%| F|  |TAMS 0x0000000725200000, 0x0000000725200000| Untracked 
|  27|0x0000000725400000, 0x0000000725400000, 0x0000000725600000|  0%| F|  |TAMS 0x0000000725400000, 0x0000000725400000| Untracked 
|  28|0x0000000725600000, 0x0000000725600000, 0x0000000725800000|  0%| F|  |TAMS 0x0000000725600000, 0x0000000725600000| Untracked 
|  29|0x0000000725800000, 0x0000000725800000, 0x0000000725a00000|  0%| F|  |TAMS 0x0000000725800000, 0x0000000725800000| Untracked 
|  30|0x0000000725a00000, 0x0000000725a00000, 0x0000000725c00000|  0%| F|  |TAMS 0x0000000725a00000, 0x0000000725a00000| Untracked 
|  31|0x0000000725c00000, 0x0000000725c00000, 0x0000000725e00000|  0%| F|  |TAMS 0x0000000725c00000, 0x0000000725c00000| Untracked 
|  32|0x0000000725e00000, 0x0000000725e00000, 0x0000000726000000|  0%| F|  |TAMS 0x0000000725e00000, 0x0000000725e00000| Untracked 
|  33|0x0000000726000000, 0x0000000726000000, 0x0000000726200000|  0%| F|  |TAMS 0x0000000726000000, 0x0000000726000000| Untracked 
|  34|0x0000000726200000, 0x0000000726200000, 0x0000000726400000|  0%| F|  |TAMS 0x0000000726200000, 0x0000000726200000| Untracked 
|  35|0x0000000726400000, 0x0000000726400000, 0x0000000726600000|  0%| F|  |TAMS 0x0000000726400000, 0x0000000726400000| Untracked 
|  36|0x0000000726600000, 0x0000000726600000, 0x0000000726800000|  0%| F|  |TAMS 0x0000000726600000, 0x0000000726600000| Untracked 
|  37|0x0000000726800000, 0x0000000726800000, 0x0000000726a00000|  0%| F|  |TAMS 0x0000000726800000, 0x0000000726800000| Untracked 
|  38|0x0000000726a00000, 0x0000000726a00000, 0x0000000726c00000|  0%| F|  |TAMS 0x0000000726a00000, 0x0000000726a00000| Untracked 
|  39|0x0000000726c00000, 0x0000000726c00000, 0x0000000726e00000|  0%| F|  |TAMS 0x0000000726c00000, 0x0000000726c00000| Untracked 
|  40|0x0000000726e00000, 0x0000000726e00000, 0x0000000727000000|  0%| F|  |TAMS 0x0000000726e00000, 0x0000000726e00000| Untracked 
|  41|0x0000000727000000, 0x0000000727000000, 0x0000000727200000|  0%| F|  |TAMS 0x0000000727000000, 0x0000000727000000| Untracked 
|  42|0x0000000727200000, 0x0000000727200000, 0x0000000727400000|  0%| F|  |TAMS 0x0000000727200000, 0x0000000727200000| Untracked 
|  43|0x0000000727400000, 0x0000000727400000, 0x0000000727600000|  0%| F|  |TAMS 0x0000000727400000, 0x0000000727400000| Untracked 
|  44|0x0000000727600000, 0x0000000727600000, 0x0000000727800000|  0%| F|  |TAMS 0x0000000727600000, 0x0000000727600000| Untracked 
|  45|0x0000000727800000, 0x0000000727800000, 0x0000000727a00000|  0%| F|  |TAMS 0x0000000727800000, 0x0000000727800000| Untracked 
|  46|0x0000000727a00000, 0x0000000727a00000, 0x0000000727c00000|  0%| F|  |TAMS 0x0000000727a00000, 0x0000000727a00000| Untracked 
|  47|0x0000000727c00000, 0x0000000727c00000, 0x0000000727e00000|  0%| F|  |TAMS 0x0000000727c00000, 0x0000000727c00000| Untracked 
|  48|0x0000000727e00000, 0x0000000727e00000, 0x0000000728000000|  0%| F|  |TAMS 0x0000000727e00000, 0x0000000727e00000| Untracked 
|  49|0x0000000728000000, 0x0000000728000000, 0x0000000728200000|  0%| F|  |TAMS 0x0000000728000000, 0x0000000728000000| Untracked 
|  50|0x0000000728200000, 0x0000000728200000, 0x0000000728400000|  0%| F|  |TAMS 0x0000000728200000, 0x0000000728200000| Untracked 
|  51|0x0000000728400000, 0x0000000728400000, 0x0000000728600000|  0%| F|  |TAMS 0x0000000728400000, 0x0000000728400000| Untracked 
|  52|0x0000000728600000, 0x0000000728600000, 0x0000000728800000|  0%| F|  |TAMS 0x0000000728600000, 0x0000000728600000| Untracked 
|  53|0x0000000728800000, 0x0000000728800000, 0x0000000728a00000|  0%| F|  |TAMS 0x0000000728800000, 0x0000000728800000| Untracked 
|  54|0x0000000728a00000, 0x0000000728a00000, 0x0000000728c00000|  0%| F|  |TAMS 0x0000000728a00000, 0x0000000728a00000| Untracked 
|  55|0x0000000728c00000, 0x0000000728c00000, 0x0000000728e00000|  0%| F|  |TAMS 0x0000000728c00000, 0x0000000728c00000| Untracked 
|  56|0x0000000728e00000, 0x0000000728e00000, 0x0000000729000000|  0%| F|  |TAMS 0x0000000728e00000, 0x0000000728e00000| Untracked 
|  57|0x0000000729000000, 0x0000000729000000, 0x0000000729200000|  0%| F|  |TAMS 0x0000000729000000, 0x0000000729000000| Untracked 
|  58|0x0000000729200000, 0x0000000729200000, 0x0000000729400000|  0%| F|  |TAMS 0x0000000729200000, 0x0000000729200000| Untracked 
|  59|0x0000000729400000, 0x0000000729400000, 0x0000000729600000|  0%| F|  |TAMS 0x0000000729400000, 0x0000000729400000| Untracked 
|  60|0x0000000729600000, 0x0000000729600000, 0x0000000729800000|  0%| F|  |TAMS 0x0000000729600000, 0x0000000729600000| Untracked 
|  61|0x0000000729800000, 0x0000000729800000, 0x0000000729a00000|  0%| F|  |TAMS 0x0000000729800000, 0x0000000729800000| Untracked 
|  62|0x0000000729a00000, 0x0000000729a00000, 0x0000000729c00000|  0%| F|  |TAMS 0x0000000729a00000, 0x0000000729a00000| Untracked 
|  63|0x0000000729c00000, 0x0000000729c00000, 0x0000000729e00000|  0%| F|  |TAMS 0x0000000729c00000, 0x0000000729c00000| Untracked 
|  64|0x0000000729e00000, 0x0000000729e00000, 0x000000072a000000|  0%| F|  |TAMS 0x0000000729e00000, 0x0000000729e00000| Untracked 
|  65|0x000000072a000000, 0x000000072a000000, 0x000000072a200000|  0%| F|  |TAMS 0x000000072a000000, 0x000000072a000000| Untracked 
|  66|0x000000072a200000, 0x000000072a200000, 0x000000072a400000|  0%| F|  |TAMS 0x000000072a200000, 0x000000072a200000| Untracked 
|  67|0x000000072a400000, 0x000000072a400000, 0x000000072a600000|  0%| F|  |TAMS 0x000000072a400000, 0x000000072a400000| Untracked 
|  68|0x000000072a600000, 0x000000072a600000, 0x000000072a800000|  0%| F|  |TAMS 0x000000072a600000, 0x000000072a600000| Untracked 
|  69|0x000000072a800000, 0x000000072a800000, 0x000000072aa00000|  0%| F|  |TAMS 0x000000072a800000, 0x000000072a800000| Untracked 
|  70|0x000000072aa00000, 0x000000072aa00000, 0x000000072ac00000|  0%| F|  |TAMS 0x000000072aa00000, 0x000000072aa00000| Untracked 
|  71|0x000000072ac00000, 0x000000072ac00000, 0x000000072ae00000|  0%| F|  |TAMS 0x000000072ac00000, 0x000000072ac00000| Untracked 
|  72|0x000000072ae00000, 0x000000072ae00000, 0x000000072b000000|  0%| F|  |TAMS 0x000000072ae00000, 0x000000072ae00000| Untracked 
|  73|0x000000072b000000, 0x000000072b000000, 0x000000072b200000|  0%| F|  |TAMS 0x000000072b000000, 0x000000072b000000| Untracked 
|  74|0x000000072b200000, 0x000000072b200000, 0x000000072b400000|  0%| F|  |TAMS 0x000000072b200000, 0x000000072b200000| Untracked 
|  75|0x000000072b400000, 0x000000072b400000, 0x000000072b600000|  0%| F|  |TAMS 0x000000072b400000, 0x000000072b400000| Untracked 
|  76|0x000000072b600000, 0x000000072b600000, 0x000000072b800000|  0%| F|  |TAMS 0x000000072b600000, 0x000000072b600000| Untracked 
|  77|0x000000072b800000, 0x000000072b800000, 0x000000072ba00000|  0%| F|  |TAMS 0x000000072b800000, 0x000000072b800000| Untracked 
|  78|0x000000072ba00000, 0x000000072ba00000, 0x000000072bc00000|  0%| F|  |TAMS 0x000000072ba00000, 0x000000072ba00000| Untracked 
|  79|0x000000072bc00000, 0x000000072bc00000, 0x000000072be00000|  0%| F|  |TAMS 0x000000072bc00000, 0x000000072bc00000| Untracked 
|  80|0x000000072be00000, 0x000000072be00000, 0x000000072c000000|  0%| F|  |TAMS 0x000000072be00000, 0x000000072be00000| Untracked 
|  81|0x000000072c000000, 0x000000072c000000, 0x000000072c200000|  0%| F|  |TAMS 0x000000072c000000, 0x000000072c000000| Untracked 
|  82|0x000000072c200000, 0x000000072c200000, 0x000000072c400000|  0%| F|  |TAMS 0x000000072c200000, 0x000000072c200000| Untracked 
|  83|0x000000072c400000, 0x000000072c400000, 0x000000072c600000|  0%| F|  |TAMS 0x000000072c400000, 0x000000072c400000| Untracked 
|  84|0x000000072c600000, 0x000000072c600000, 0x000000072c800000|  0%| F|  |TAMS 0x000000072c600000, 0x000000072c600000| Untracked 
|  85|0x000000072c800000, 0x000000072c800000, 0x000000072ca00000|  0%| F|  |TAMS 0x000000072c800000, 0x000000072c800000| Untracked 
|  86|0x000000072ca00000, 0x000000072ca00000, 0x000000072cc00000|  0%| F|  |TAMS 0x000000072ca00000, 0x000000072ca00000| Untracked 
|  87|0x000000072cc00000, 0x000000072cc00000, 0x000000072ce00000|  0%| F|  |TAMS 0x000000072cc00000, 0x000000072cc00000| Untracked 
|  88|0x000000072ce00000, 0x000000072ce00000, 0x000000072d000000|  0%| F|  |TAMS 0x000000072ce00000, 0x000000072ce00000| Untracked 
|  89|0x000000072d000000, 0x000000072d000000, 0x000000072d200000|  0%| F|  |TAMS 0x000000072d000000, 0x000000072d000000| Untracked 
|  90|0x000000072d200000, 0x000000072d200000, 0x000000072d400000|  0%| F|  |TAMS 0x000000072d200000, 0x000000072d200000| Untracked 
|  91|0x000000072d400000, 0x000000072d400000, 0x000000072d600000|  0%| F|  |TAMS 0x000000072d400000, 0x000000072d400000| Untracked 
|  92|0x000000072d600000, 0x000000072d600000, 0x000000072d800000|  0%| F|  |TAMS 0x000000072d600000, 0x000000072d600000| Untracked 
|  93|0x000000072d800000, 0x000000072d800000, 0x000000072da00000|  0%| F|  |TAMS 0x000000072d800000, 0x000000072d800000| Untracked 
|  94|0x000000072da00000, 0x000000072da00000, 0x000000072dc00000|  0%| F|  |TAMS 0x000000072da00000, 0x000000072da00000| Untracked 
|  95|0x000000072dc00000, 0x000000072dc00000, 0x000000072de00000|  0%| F|  |TAMS 0x000000072dc00000, 0x000000072dc00000| Untracked 
|  96|0x000000072de00000, 0x000000072de00000, 0x000000072e000000|  0%| F|  |TAMS 0x000000072de00000, 0x000000072de00000| Untracked 
|  97|0x000000072e000000, 0x000000072e000000, 0x000000072e200000|  0%| F|  |TAMS 0x000000072e000000, 0x000000072e000000| Untracked 
|  98|0x000000072e200000, 0x000000072e200000, 0x000000072e400000|  0%| F|  |TAMS 0x000000072e200000, 0x000000072e200000| Untracked 
|  99|0x000000072e400000, 0x000000072e5d7b68, 0x000000072e600000| 92%| S|CS|TAMS 0x000000072e400000, 0x000000072e400000| Complete 
| 100|0x000000072e600000, 0x000000072e800000, 0x000000072e800000|100%| S|CS|TAMS 0x000000072e600000, 0x000000072e600000| Complete 
| 101|0x000000072e800000, 0x000000072e800000, 0x000000072ea00000|  0%| F|  |TAMS 0x000000072e800000, 0x000000072e800000| Untracked 
| 102|0x000000072ea00000, 0x000000072ea00000, 0x000000072ec00000|  0%| F|  |TAMS 0x000000072ea00000, 0x000000072ea00000| Untracked 
| 103|0x000000072ec00000, 0x000000072ec00000, 0x000000072ee00000|  0%| F|  |TAMS 0x000000072ec00000, 0x000000072ec00000| Untracked 
| 104|0x000000072ee00000, 0x000000072ee00000, 0x000000072f000000|  0%| F|  |TAMS 0x000000072ee00000, 0x000000072ee00000| Untracked 
| 105|0x000000072f000000, 0x000000072f000000, 0x000000072f200000|  0%| F|  |TAMS 0x000000072f000000, 0x000000072f000000| Untracked 
| 106|0x000000072f200000, 0x000000072f30aa60, 0x000000072f400000| 52%| E|  |TAMS 0x000000072f200000, 0x000000072f200000| Complete 
| 107|0x000000072f400000, 0x000000072f600000, 0x000000072f600000|100%| E|CS|TAMS 0x000000072f400000, 0x000000072f400000| Complete 
| 108|0x000000072f600000, 0x000000072f800000, 0x000000072f800000|100%| E|CS|TAMS 0x000000072f600000, 0x000000072f600000| Complete 
| 109|0x000000072f800000, 0x000000072fa00000, 0x000000072fa00000|100%| E|CS|TAMS 0x000000072f800000, 0x000000072f800000| Complete 
| 110|0x000000072fa00000, 0x000000072fc00000, 0x000000072fc00000|100%| E|CS|TAMS 0x000000072fa00000, 0x000000072fa00000| Complete 
| 111|0x000000072fc00000, 0x000000072fe00000, 0x000000072fe00000|100%| E|CS|TAMS 0x000000072fc00000, 0x000000072fc00000| Complete 

Card table byte_map: [0x0000017e61800000,0x0000017e61f00000] _byte_map_base: 0x0000017e5def1000

Marking Bits (Prev, Next): (CMBitMap*) 0x0000017e47fc6060, (CMBitMap*) 0x0000017e47fc60a0
 Prev Bits: [0x0000017e62600000, 0x0000017e65d88000)
 Next Bits: [0x0000017e65d90000, 0x0000017e69518000)

Polling page: 0x0000017e48020000

Metaspace:

Usage:
  Non-class:      6.65 MB used.
      Class:    914.20 KB used.
       Both:      7.55 MB used.

Virtual space:
  Non-class space:       64.00 MB reserved,       6.81 MB ( 11%) committed,  1 nodes.
      Class space:        1.00 GB reserved,       1.00 MB ( <1%) committed,  1 nodes.
             Both:        1.06 GB reserved,       7.81 MB ( <1%) committed. 

Chunk freelists:
   Non-Class:  242.00 KB
       Class:  2.82 MB
        Both:  3.06 MB

MaxMetaspaceSize: unlimited
CompressedClassSpaceSize: 1.00 GB
Initial GC threshold: 21.00 MB
Current GC threshold: 21.00 MB
CDS: on
MetaspaceReclaimPolicy: balanced
 - commit_granule_bytes: 65536.
 - commit_granule_words: 8192.
 - virtual_space_node_default_size: 8388608.
 - enlarge_chunks_in_place: 1.
 - new_chunks_are_fully_committed: 0.
 - uncommit_free_chunks: 1.
 - use_allocation_guard: 0.


Internal statistics:

num_allocs_failed_limit: 0.
num_arena_births: 224.
num_arena_deaths: 0.
num_vsnodes_births: 2.
num_vsnodes_deaths: 0.
num_space_committed: 125.
num_space_uncommitted: 0.
num_chunks_returned_to_freelist: 0.
num_chunks_taken_from_freelist: 459.
num_chunk_merges: 0.
num_chunk_splits: 288.
num_chunks_enlarged: 208.
num_inconsistent_stats: 0.

CodeHeap 'non-profiled nmethods': size=120000Kb used=474Kb max_used=474Kb free=119525Kb
 bounds [0x0000017e59170000, 0x0000017e593e0000, 0x0000017e606a0000]
CodeHeap 'profiled nmethods': size=120000Kb used=2504Kb max_used=2504Kb free=117495Kb
 bounds [0x0000017e516a0000, 0x0000017e51920000, 0x0000017e58bd0000]
CodeHeap 'non-nmethods': size=5760Kb used=1316Kb max_used=1343Kb free=4443Kb
 bounds [0x0000017e58bd0000, 0x0000017e58e40000, 0x0000017e59170000]
 total_blobs=1841 nmethods=1378 adapters=374
 compilation: enabled
              stopped_count=0, restarted_count=0
 full_count=0

Compilation events (20 events):
Event: 1.230 Thread 0x0000017e6bffac70 nmethod 1324 0x0000017e518edd90 code [0x0000017e518edf20, 0x0000017e518ee038]
Event: 1.232 Thread 0x0000017e6bffac70 1325       3       java.util.regex.Pattern::isSupplementary (21 bytes)
Event: 1.232 Thread 0x0000017e6bffac70 nmethod 1325 0x0000017e518ee110 code [0x0000017e518ee2c0, 0x0000017e518ee538]
Event: 1.232 Thread 0x0000017e6bffac70 1326       3       java.util.regex.Pattern::peek (26 bytes)
Event: 1.232 Thread 0x0000017e6bffac70 nmethod 1326 0x0000017e518ee610 code [0x0000017e518ee7c0, 0x0000017e518eea48]
Event: 1.232 Thread 0x0000017e6bffac70 1327       3       java.util.regex.Pattern::next (33 bytes)
Event: 1.233 Thread 0x0000017e6bffac70 nmethod 1327 0x0000017e518eeb90 code [0x0000017e518eed40, 0x0000017e518eefc8]
Event: 1.234 Thread 0x0000017e6bffac70 1328       3       java.lang.invoke.TypeConvertingMethodAdapter::convertType (299 bytes)
Event: 1.236 Thread 0x0000017e7068a390 1329   !   4       jdk.internal.loader.URLClassPath$JarLoader::getResource (65 bytes)
Event: 1.236 Thread 0x0000017e6bffac70 nmethod 1328 0x0000017e518ef110 code [0x0000017e518ef7c0, 0x0000017e518f34a8]
Event: 1.237 Thread 0x0000017e6bff0ed0 nmethod 1323 0x0000017e591e3d10 code [0x0000017e591e3ec0, 0x0000017e591e4558]
Event: 1.247 Thread 0x0000017e6bff0ed0 1330       4       java.util.jar.JarFile::getEntry (35 bytes)
Event: 1.251 Thread 0x0000017e6bffac70 1332       3       java.util.regex.Pattern$Node::<init> (12 bytes)
Event: 1.252 Thread 0x0000017e6bffac70 nmethod 1332 0x0000017e518f4b10 code [0x0000017e518f4cc0, 0x0000017e518f4e98]
Event: 1.252 Thread 0x0000017e6bffac70 1333   !   3       java.util.regex.Pattern::closure (276 bytes)
Event: 1.253 Thread 0x0000017e6bffac70 nmethod 1333 0x0000017e518f4f90 code [0x0000017e518f53e0, 0x0000017e518f71a8]
Event: 1.256 Thread 0x0000017e6bffac70 1334       3       java.lang.StringBuilder::append (8 bytes)
Event: 1.256 Thread 0x0000017e6bffac70 nmethod 1334 0x0000017e518f7c10 code [0x0000017e518f7dc0, 0x0000017e518f7f08]
Event: 1.256 Thread 0x0000017e6bffac70 1335       3       java.lang.StringUTF16::putCharSB (12 bytes)
Event: 1.256 Thread 0x0000017e6bffac70 nmethod 1335 0x0000017e518f7f90 code [0x0000017e518f8140, 0x0000017e518f8398]

GC Heap History (2 events):
Event: 1.070 GC heap before
{Heap before GC invocations=0 (full 0):
 garbage-first heap   total 229376K, used 22528K [0x0000000721e00000, 0x0000000800000000)
  region size 2048K, 11 young (22528K), 0 survivors (0K)
 Metaspace       used 5392K, committed 5632K, reserved 1114112K
  class space    used 594K, committed 704K, reserved 1048576K
}
Event: 1.074 GC heap after
{Heap after GC invocations=1 (full 0):
 garbage-first heap   total 229376K, used 3934K [0x0000000721e00000, 0x0000000800000000)
  region size 2048K, 2 young (4096K), 2 survivors (4096K)
 Metaspace       used 5392K, committed 5632K, reserved 1114112K
  class space    used 594K, committed 704K, reserved 1048576K
}

Dll operation events (8 events):
Event: 0.045 Loaded shared library C:\Program Files\Java\jdk-19\bin\java.dll
Event: 0.046 Loaded shared library C:\Program Files\Java\jdk-19\bin\zip.dll
Event: 0.056 Loaded shared library C:\Program Files\Java\jdk-19\bin\jsvml.dll
Event: 0.514 Loaded shared library C:\Program Files\Java\jdk-19\bin\instrument.dll
Event: 0.554 Loaded shared library C:\Program Files\Java\jdk-19\bin\net.dll
Event: 0.556 Loaded shared library C:\Program Files\Java\jdk-19\bin\nio.dll
Event: 0.565 Loaded shared library C:\Program Files\Java\jdk-19\bin\zip.dll
Event: 0.661 Loaded shared library C:\Program Files\Java\jdk-19\bin\jimage.dll

Deoptimization events (20 events):
Event: 1.213 Thread 0x0000017e47f5da90 DEOPT PACKING pc=0x0000017e591d452c sp=0x00000017570fe180
Event: 1.213 Thread 0x0000017e47f5da90 DEOPT UNPACKING pc=0x0000017e58c36da3 sp=0x00000017570fe0d0 mode 2
Event: 1.221 Thread 0x0000017e47f5da90 Uncommon trap: trap_request=0xffffff45 fr.pc=0x0000017e59191ba0 relative=0x0000000000000440
Event: 1.221 Thread 0x0000017e47f5da90 Uncommon trap: reason=unstable_if action=reinterpret pc=0x0000017e59191ba0 method=java.lang.AbstractStringBuilder.append(C)Ljava/lang/AbstractStringBuilder; @ 21 c2
Event: 1.221 Thread 0x0000017e47f5da90 DEOPT PACKING pc=0x0000017e59191ba0 sp=0x00000017570fe200
Event: 1.221 Thread 0x0000017e47f5da90 DEOPT UNPACKING pc=0x0000017e58c36da3 sp=0x00000017570fe198 mode 2
Event: 1.226 Thread 0x0000017e47f5da90 DEOPT PACKING pc=0x0000017e516f3dc7 sp=0x00000017570f9ee0
Event: 1.226 Thread 0x0000017e47f5da90 DEOPT UNPACKING pc=0x0000017e58c37543 sp=0x00000017570f93e8 mode 0
Event: 1.233 Thread 0x0000017e47f5da90 Uncommon trap: trap_request=0xffffff54 fr.pc=0x0000017e591b8888 relative=0x00000000000013a8
Event: 1.233 Thread 0x0000017e47f5da90 Uncommon trap: reason=speculate_null_assert action=make_not_entrant pc=0x0000017e591b8888 method=java.util.jar.JarFile.getVersionedEntry(Ljava/lang/String;Ljava/util/jar/JarEntry;)Ljava/util/jar/JarEntry; @ 115 c2
Event: 1.233 Thread 0x0000017e47f5da90 DEOPT PACKING pc=0x0000017e591b8888 sp=0x00000017570fcac0
Event: 1.233 Thread 0x0000017e47f5da90 DEOPT UNPACKING pc=0x0000017e58c36da3 sp=0x00000017570fc970 mode 2
Event: 1.256 Thread 0x0000017e47f5da90 Uncommon trap: trap_request=0xffffff45 fr.pc=0x0000017e591e16c0 relative=0x0000000000000680
Event: 1.256 Thread 0x0000017e47f5da90 Uncommon trap: reason=unstable_if action=reinterpret pc=0x0000017e591e16c0 method=java.lang.String.replace(CC)Ljava/lang/String; @ 9 c2
Event: 1.256 Thread 0x0000017e47f5da90 DEOPT PACKING pc=0x0000017e591e16c0 sp=0x00000017570fe050
Event: 1.256 Thread 0x0000017e47f5da90 DEOPT UNPACKING pc=0x0000017e58c36da3 sp=0x00000017570fe018 mode 2
Event: 1.256 Thread 0x0000017e47f5da90 Uncommon trap: trap_request=0xffffff45 fr.pc=0x0000017e591911e0 relative=0x0000000000000400
Event: 1.256 Thread 0x0000017e47f5da90 Uncommon trap: reason=unstable_if action=reinterpret pc=0x0000017e591911e0 method=java.lang.AbstractStringBuilder.append(C)Ljava/lang/AbstractStringBuilder; @ 21 c2
Event: 1.256 Thread 0x0000017e47f5da90 DEOPT PACKING pc=0x0000017e591911e0 sp=0x00000017570fde30
Event: 1.256 Thread 0x0000017e47f5da90 DEOPT UNPACKING pc=0x0000017e58c36da3 sp=0x00000017570fde20 mode 2

Classes loaded (20 events):
Event: 1.255 Loading class java/io/PushbackInputStream
Event: 1.255 Loading class java/io/PushbackInputStream done
Event: 1.256 Loading class sun/net/ProgressMonitor
Event: 1.256 Loading class sun/net/ProgressMonitor done
Event: 1.256 Loading class sun/net/DefaultProgressMeteringPolicy
Event: 1.256 Loading class sun/net/ProgressMeteringPolicy
Event: 1.256 Loading class sun/net/ProgressMeteringPolicy done
Event: 1.256 Loading class sun/net/DefaultProgressMeteringPolicy done
Event: 1.256 Loading class org/yaml/snakeyaml/composer/Composer
Event: 1.256 Loading class org/yaml/snakeyaml/composer/Composer done
Event: 1.257 Loading class org/yaml/snakeyaml/composer/ComposerException
Event: 1.257 Loading class org/yaml/snakeyaml/composer/ComposerException done
Event: 1.258 Loading class org/yaml/snakeyaml/parser/ParserImpl
Event: 1.258 Loading class org/yaml/snakeyaml/parser/ParserImpl done
Event: 1.258 Loading class org/yaml/snakeyaml/scanner/Scanner
Event: 1.258 Loading class org/yaml/snakeyaml/scanner/Scanner done
Event: 1.258 Loading class org/yaml/snakeyaml/parser/Production
Event: 1.258 Loading class org/yaml/snakeyaml/parser/Production done
Event: 1.258 Loading class org/yaml/snakeyaml/events/Event
Event: 1.258 Loading class org/yaml/snakeyaml/events/Event done

Classes unloaded (0 events):
No events

Classes redefined (0 events):
No events

Internal exceptions (20 events):
Event: 0.942 Thread 0x0000017e47f5da90 Exception <a 'java/lang/NoSuchMethodError'{0x000000072ecc2968}: 'java.lang.Object java.lang.invoke.DirectMethodHandle$Holder.invokeInterface(java.lang.Object, java.lang.Object)'> (0x000000072ecc2968) 
thrown [s\open\src\hotspot\share\interpreter\linkResolver.cpp, line 774]
Event: 0.948 Thread 0x0000017e47f5da90 Exception <a 'java/lang/NoSuchMethodError'{0x000000072ed15388}: 'java.lang.Object java.lang.invoke.DirectMethodHandle$Holder.invokeSpecialIFC(java.lang.Object, java.lang.Object, java.lang.Object, java.lang.Object)'> (0x000000072ed15388) 
thrown [s\open\src\hotspot\share\interpreter\linkResolver.cpp, line 774]
Event: 0.951 Thread 0x0000017e47f5da90 Exception <a 'java/lang/NoSuchMethodError'{0x000000072ed32360}: 'java.lang.Object java.lang.invoke.DirectMethodHandle$Holder.invokeInterface(java.lang.Object, java.lang.Object, java.lang.Object)'> (0x000000072ed32360) 
thrown [s\open\src\hotspot\share\interpreter\linkResolver.cpp, line 774]
Event: 0.972 Thread 0x0000017e47f5da90 Exception <a 'java/lang/NoSuchMethodError'{0x000000072ea42a00}: 'int java.lang.invoke.DirectMethodHandle$Holder.invokeStaticInit(java.lang.Object, java.lang.Object, java.lang.Object)'> (0x000000072ea42a00) 
thrown [s\open\src\hotspot\share\interpreter\linkResolver.cpp, line 774]
Event: 0.980 Thread 0x0000017e47f5da90 Exception <a 'java/lang/NoSuchMethodError'{0x000000072eaa76c0}: 'java.lang.Object java.lang.invoke.DirectMethodHandle$Holder.newInvokeSpecial(java.lang.Object, java.lang.Object, java.lang.Object, java.lang.Object, java.lang.Object)'> (0x000000072eaa76c0) 
thrown [s\open\src\hotspot\share\interpreter\linkResolver.cpp, line 774]
Event: 0.988 Thread 0x0000017e47f5da90 Exception <a 'java/lang/NoSuchMethodError'{0x000000072eb06ff0}: 'java.lang.Object java.lang.invoke.DirectMethodHandle$Holder.invokeStaticInit(java.lang.Object, java.lang.Object, java.lang.Object)'> (0x000000072eb06ff0) 
thrown [s\open\src\hotspot\share\interpreter\linkResolver.cpp, line 774]
Event: 1.010 Thread 0x0000017e47f5da90 Exception <a 'java/lang/IncompatibleClassChangeError'{0x000000072ebd1218}: Found class java.lang.Object, but interface was expected> (0x000000072ebd1218) 
thrown [s\open\src\hotspot\share\interpreter\linkResolver.cpp, line 841]
Event: 1.022 Thread 0x0000017e47f5da90 Exception <a 'java/lang/NoSuchMethodError'{0x000000072e84e958}: 'java.lang.Object java.lang.invoke.DirectMethodHandle$Holder.invokeStaticInit(java.lang.Object)'> (0x000000072e84e958) 
thrown [s\open\src\hotspot\share\interpreter\linkResolver.cpp, line 774]
Event: 1.026 Thread 0x0000017e47f5da90 Exception <a 'sun/nio/fs/WindowsException'{0x000000072e864258}> (0x000000072e864258) 
thrown [s\open\src\hotspot\share\prims\jni.cpp, line 517]
Event: 1.122 Thread 0x0000017e47f5da90 Exception <a 'java/lang/NoSuchMethodError'{0x000000072fab1810}: 'int java.lang.invoke.DirectMethodHandle$Holder.invokeSpecial(java.lang.Object, java.lang.Object, java.lang.Object)'> (0x000000072fab1810) 
thrown [s\open\src\hotspot\share\interpreter\linkResolver.cpp, line 774]
Event: 1.159 Thread 0x0000017e47f5da90 Exception <a 'java/lang/NoSuchMethodError'{0x000000072f8b13e8}: 'java.lang.Object java.lang.invoke.DirectMethodHandle$Holder.newInvokeSpecial(java.lang.Object, java.lang.Object, java.lang.Object, java.lang.Object, java.lang.Object, java.lang.Object, java.lang.Object)'> (0x000000072f8b13e8) 
thrown [s\open\src\hotspot\share\interpreter\linkResolver.cpp, line 774]
Event: 1.162 Thread 0x0000017e47f5da90 Exception <a 'java/lang/NoSuchMethodError'{0x000000072f8cea68}: 'void java.lang.invoke.DirectMethodHandle$Holder.invokeStatic(java.lang.Object, java.lang.Object)'> (0x000000072f8cea68) 
thrown [s\open\src\hotspot\share\interpreter\linkResolver.cpp, line 774]
Event: 1.162 Thread 0x0000017e47f5da90 Exception <a 'java/lang/NoSuchMethodError'{0x000000072f8d2270}: 'void java.lang.invoke.DirectMethodHandle$Holder.invokeStaticInit(java.lang.Object, java.lang.Object)'> (0x000000072f8d2270) 
thrown [s\open\src\hotspot\share\interpreter\linkResolver.cpp, line 774]
Event: 1.169 Thread 0x0000017e47f5da90 Exception <a 'java/lang/NoSuchMethodError'{0x000000072f9229d8}: 'int java.lang.invoke.DirectMethodHandle$Holder.invokeStatic(java.lang.Object, java.lang.Object, java.lang.Object, java.lang.Object)'> (0x000000072f9229d8) 
thrown [s\open\src\hotspot\share\interpreter\linkResolver.cpp, line 774]
Event: 1.170 Thread 0x0000017e47f5da90 Exception <a 'java/lang/NoSuchMethodError'{0x000000072f926318}: 'java.lang.Object java.lang.invoke.Invokers$Holder.invokeExact_MT(java.lang.Object, java.lang.Object, java.lang.Object, java.lang.Object, java.lang.Object, java.lang.Object)'> (0x000000072f926318) 
thrown [s\open\src\hotspot\share\interpreter\linkResolver.cpp, line 774]
Event: 1.183 Thread 0x0000017e47f5da90 Exception <a 'java/lang/NoSuchMethodError'{0x000000072f9a74b8}: 'java.lang.Object java.lang.invoke.DirectMethodHandle$Holder.invokeSpecial(java.lang.Object, java.lang.Object, java.lang.Object, java.lang.Object, java.lang.Object, java.lang.Object, int)'> (0x000000072f9a74b8) 
thrown [s\open\src\hotspot\share\interpreter\linkResolver.cpp, line 774]
Event: 1.183 Thread 0x0000017e47f5da90 Exception <a 'java/lang/NoSuchMethodError'{0x000000072f9b1a38}: 'java.lang.Object java.lang.invoke.DirectMethodHandle$Holder.newInvokeSpecial(java.lang.Object, java.lang.Object, java.lang.Object, java.lang.Object, java.lang.Object, java.lang.Object, int)'> (0x000000072f9b1a38) 
thrown [s\open\src\hotspot\share\interpreter\linkResolver.cpp, line 774]
Event: 1.183 Thread 0x0000017e47f5da90 Exception <a 'java/lang/NoSuchMethodError'{0x000000072f9b6aa0}: 'java.lang.Object java.lang.invoke.DirectMethodHandle$Holder.invokeSpecial(java.lang.Object, java.lang.Object, java.lang.Object, java.lang.Object, java.lang.Object, java.lang.Object, java.lang.Object, int)'> (0x000000072f9b6aa0) 
thrown [s\open\src\hotspot\share\interpreter\linkResolver.cpp, line 774]
Event: 1.214 Thread 0x0000017e47f5da90 Exception <a 'java/lang/NoSuchMethodError'{0x000000072f71c020}: 'int java.lang.invoke.DirectMethodHandle$Holder.invokeInterface(java.lang.Object, java.lang.Object)'> (0x000000072f71c020) 
thrown [s\open\src\hotspot\share\interpreter\linkResolver.cpp, line 774]
Event: 1.228 Thread 0x0000017e47f5da90 Exception <a 'java/lang/NoSuchMethodError'{0x000000072f7dec60}: 'void java.lang.invoke.DirectMethodHandle$Holder.invokeSpecial(java.lang.Object, java.lang.Object, java.lang.Object, java.lang.Object, java.lang.Object)'> (0x000000072f7dec60) 
thrown [s\open\src\hotspot\share\interpreter\linkResolver.cpp, line 774]

VM Operations (20 events):
Event: 0.512 Executing VM operation: ChangeBreakpoints
Event: 0.512 Executing VM operation: ChangeBreakpoints done
Event: 0.512 Executing VM operation: ChangeBreakpoints
Event: 0.512 Executing VM operation: ChangeBreakpoints done
Event: 0.670 Executing VM operation: HandshakeAllThreads
Event: 0.670 Executing VM operation: HandshakeAllThreads done
Event: 0.835 Executing VM operation: HandshakeAllThreads
Event: 0.835 Executing VM operation: HandshakeAllThreads done
Event: 0.940 Executing VM operation: HandshakeAllThreads
Event: 0.940 Executing VM operation: HandshakeAllThreads done
Event: 0.940 Executing VM operation: HandshakeAllThreads
Event: 0.940 Executing VM operation: HandshakeAllThreads done
Event: 1.027 Executing VM operation: HandshakeAllThreads
Event: 1.027 Executing VM operation: HandshakeAllThreads done
Event: 1.070 Executing VM operation: G1CollectForAllocation
Event: 1.074 Executing VM operation: G1CollectForAllocation done
Event: 1.074 Executing VM operation: HandshakeAllThreads
Event: 1.074 Executing VM operation: HandshakeAllThreads done
Event: 1.212 Executing VM operation: HandshakeAllThreads
Event: 1.212 Executing VM operation: HandshakeAllThreads done

Events (16 events):
Event: 0.056 Thread 0x0000017e47f5da90 Thread added: 0x0000017e47f5da90
Event: 0.068 Thread 0x0000017e6bfdb5b0 Thread added: 0x0000017e6bfdb5b0
Event: 0.068 Thread 0x0000017e6bfdc1a0 Thread added: 0x0000017e6bfdc1a0
Event: 0.068 Thread 0x0000017e6bfdd790 Thread added: 0x0000017e6bfdd790
Event: 0.068 Thread 0x0000017e6bfdf0d0 Thread added: 0x0000017e6bfdf0d0
Event: 0.068 Thread 0x0000017e6bfdfb40 Thread added: 0x0000017e6bfdfb40
Event: 0.069 Thread 0x0000017e6bfe10a0 Thread added: 0x0000017e6bfe10a0
Event: 0.069 Thread 0x0000017e6bff0ed0 Thread added: 0x0000017e6bff0ed0
Event: 0.069 Thread 0x0000017e6bffac70 Thread added: 0x0000017e6bffac70
Event: 0.069 Thread 0x0000017e6bfe0b50 Thread added: 0x0000017e6bfe0b50
Event: 0.115 Thread 0x0000017e6bfe3080 Thread added: 0x0000017e6bfe3080
Event: 0.160 Thread 0x0000017e705790f0 Thread added: 0x0000017e705790f0
Event: 0.160 Thread 0x0000017e70593470 Thread added: 0x0000017e70593470
Event: 0.160 Thread 0x0000017e706437b0 Thread added: 0x0000017e706437b0
Event: 0.529 Thread 0x0000017e6bfe15f0 Thread added: 0x0000017e6bfe15f0
Event: 0.611 Thread 0x0000017e7068a390 Thread added: 0x0000017e7068a390


Dynamic libraries:
0x00007ff6db0b0000 - 0x00007ff6db0c0000 	C:\Program Files\Java\jdk-19\bin\java.exe
0x00007fff52ad0000 - 0x00007fff52cc8000 	C:\WINDOWS\SYSTEM32\ntdll.dll
0x00007fff52640000 - 0x00007fff526fd000 	C:\WINDOWS\System32\KERNEL32.DLL
0x00007fff50660000 - 0x00007fff50956000 	C:\WINDOWS\System32\KERNELBASE.dll
0x00007fff503a0000 - 0x00007fff504a0000 	C:\WINDOWS\System32\ucrtbase.dll
0x00007fff3aac0000 - 0x00007fff3aadb000 	C:\Program Files\Java\jdk-19\bin\VCRUNTIME140.dll
0x00007fff3edd0000 - 0x00007fff3ede8000 	C:\Program Files\Java\jdk-19\bin\jli.dll
0x00007fff52580000 - 0x00007fff52633000 	C:\WINDOWS\System32\ADVAPI32.dll
0x00007fff52040000 - 0x00007fff520de000 	C:\WINDOWS\System32\msvcrt.dll
0x00007fff513f0000 - 0x00007fff5148f000 	C:\WINDOWS\System32\sechost.dll
0x00007fff514d0000 - 0x00007fff515f6000 	C:\WINDOWS\System32\RPCRT4.dll
0x00007fff50ac0000 - 0x00007fff50ae7000 	C:\WINDOWS\System32\bcrypt.dll
0x00007fff52140000 - 0x00007fff522de000 	C:\WINDOWS\System32\USER32.dll
0x00007fff504a0000 - 0x00007fff504c2000 	C:\WINDOWS\System32\win32u.dll
0x00007fff3ae70000 - 0x00007fff3b10a000 	C:\WINDOWS\WinSxS\amd64_microsoft.windows.common-controls_6595b64144ccf1df_6.0.19041.3636_none_60b6a03d71f818d5\COMCTL32.dll
0x00007fff51490000 - 0x00007fff514bc000 	C:\WINDOWS\System32\GDI32.dll
0x00007fff50540000 - 0x00007fff5065a000 	C:\WINDOWS\System32\gdi32full.dll
0x00007fff502b0000 - 0x00007fff5034d000 	C:\WINDOWS\System32\msvcp_win.dll
0x00007fff473e0000 - 0x00007fff473ea000 	C:\WINDOWS\SYSTEM32\VERSION.dll
0x00007fff512e0000 - 0x00007fff51310000 	C:\WINDOWS\System32\IMM32.DLL
0x00007fff3ee60000 - 0x00007fff3ee6c000 	C:\Program Files\Java\jdk-19\bin\vcruntime140_1.dll
0x00007ffeff480000 - 0x00007ffeff50e000 	C:\Program Files\Java\jdk-19\bin\msvcp140.dll
0x00007ffefe370000 - 0x00007ffeff030000 	C:\Program Files\Java\jdk-19\bin\server\jvm.dll
0x00007fff36ed0000 - 0x00007fff36ef7000 	C:\WINDOWS\SYSTEM32\WINMM.dll
0x00007fff38e30000 - 0x00007fff38e39000 	C:\WINDOWS\SYSTEM32\WSOCK32.dll
0x00007fff52510000 - 0x00007fff5257b000 	C:\WINDOWS\System32\WS2_32.dll
0x00007fff4e970000 - 0x00007fff4e982000 	C:\WINDOWS\SYSTEM32\kernel.appcore.dll
0x00007fff3ece0000 - 0x00007fff3ecea000 	C:\Program Files\Java\jdk-19\bin\jimage.dll
0x00007fff45c10000 - 0x00007fff45df4000 	C:\WINDOWS\SYSTEM32\DBGHELP.DLL
0x00007fff38940000 - 0x00007fff38974000 	C:\WINDOWS\SYSTEM32\dbgcore.DLL
0x00007fff50220000 - 0x00007fff502a2000 	C:\WINDOWS\System32\bcryptPrimitives.dll
0x00007fff2cb50000 - 0x00007fff2cb8c000 	C:\Program Files\Java\jdk-19\bin\jdwp.dll
0x00007fff4a700000 - 0x00007fff4a70e000 	C:\Program Files\Java\jdk-19\bin\instrument.dll
0x00007fff38eb0000 - 0x00007fff38ed6000 	C:\Program Files\Java\jdk-19\bin\java.dll
0x00007fff35eb0000 - 0x00007fff35ec8000 	C:\Program Files\Java\jdk-19\bin\zip.dll
0x00007ffefe290000 - 0x00007ffefe367000 	C:\Program Files\Java\jdk-19\bin\jsvml.dll
0x00007fff51860000 - 0x00007fff51fa5000 	C:\WINDOWS\System32\SHELL32.dll
0x00007fff4e1c0000 - 0x00007fff4e95b000 	C:\WINDOWS\SYSTEM32\windows.storage.dll
0x00007fff52700000 - 0x00007fff52a54000 	C:\WINDOWS\System32\combase.dll
0x00007fff4fac0000 - 0x00007fff4faed000 	C:\WINDOWS\SYSTEM32\Wldp.dll
0x00007fff52440000 - 0x00007fff524ed000 	C:\WINDOWS\System32\SHCORE.dll
0x00007fff51800000 - 0x00007fff51855000 	C:\WINDOWS\System32\shlwapi.dll
0x00007fff500a0000 - 0x00007fff500c5000 	C:\WINDOWS\SYSTEM32\profapi.dll
0x00007fff4a6e0000 - 0x00007fff4a6ec000 	C:\Program Files\Java\jdk-19\bin\dt_socket.dll
0x00007fff4f560000 - 0x00007fff4f59b000 	C:\WINDOWS\SYSTEM32\IPHLPAPI.DLL
0x00007fff4f8a0000 - 0x00007fff4f90a000 	C:\WINDOWS\system32\mswsock.dll
0x00007fff38f30000 - 0x00007fff38f43000 	C:\Program Files\Java\jdk-19\bin\net.dll
0x00007fff482f0000 - 0x00007fff483fa000 	C:\WINDOWS\SYSTEM32\WINHTTP.dll
0x00007fff38e60000 - 0x00007fff38e76000 	C:\Program Files\Java\jdk-19\bin\nio.dll

dbghelp: loaded successfully - version: 4.0.5 - missing functions: none
symbol engine: initialized successfully - sym options: 0x614 - pdb path: .;C:\Program Files\Java\jdk-19\bin;C:\WINDOWS\SYSTEM32;C:\WINDOWS\WinSxS\amd64_microsoft.windows.common-controls_6595b64144ccf1df_6.0.19041.3636_none_60b6a03d71f818d5;C:\Program Files\Java\jdk-19\bin\server

VM Arguments:
jvm_args: -agentlib:jdwp=transport=dt_socket,address=127.0.0.1:56146,suspend=y,server=n -javaagent:C:\Users\zykai\AppData\Local\JetBrains\IdeaIC2023.2\captureAgent\debugger-agent.jar -Dfile.encoding=UTF-8 -Dsun.stdout.encoding=UTF-8 -Dsun.stderr.encoding=UTF-8 
java_command: ro.shum.ProductManagementApp.ProductManagementAppApplication
java_class_path (initial): D:\Î_IT\Project\java\46_Spring\ProductManagementApp\target\classes;C:\Users\zykai\.m2\repository\org\springframework\boot\spring-boot-starter-web\3.2.2\spring-boot-starter-web-3.2.2.jar;C:\Users\zykai\.m2\repository\org\springframework\boot\spring-boot-starter\3.2.2\spring-boot-starter-3.2.2.jar;C:\Users\zykai\.m2\repository\org\springframework\boot\spring-boot\3.2.2\spring-boot-3.2.2.jar;C:\Users\zykai\.m2\repository\org\springframework\boot\spring-boot-autoconfigure\3.2.2\spring-boot-autoconfigure-3.2.2.jar;C:\Users\zykai\.m2\repository\org\springframework\boot\spring-boot-starter-logging\3.2.2\spring-boot-starter-logging-3.2.2.jar;C:\Users\zykai\.m2\repository\ch\qos\logback\logback-classic\1.4.14\logback-classic-1.4.14.jar;C:\Users\zykai\.m2\repository\ch\qos\logback\logback-core\1.4.14\logback-core-1.4.14.jar;C:\Users\zykai\.m2\repository\org\apache\logging\log4j\log4j-to-slf4j\2.21.1\log4j-to-slf4j-2.21.1.jar;C:\Users\zykai\.m2\repository\org\apache\logging\log4j\log4j-api\2.21.1\log4j-api-2.21.1.jar;C:\Users\zykai\.m2\repository\org\slf4j\jul-to-slf4j\2.0.11\jul-to-slf4j-2.0.11.jar;C:\Users\zykai\.m2\repository\jakarta\annotation\jakarta.annotation-api\2.1.1\jakarta.annotation-api-2.1.1.jar;C:\Users\zykai\.m2\repository\org\yaml\snakeyaml\2.2\snakeyaml-2.2.jar;C:\Users\zykai\.m2\repository\org\springframework\boot\spring-boot-starter-json\3.2.2\spring-boot-starter-json-3.2.2.jar;C:\Users\zykai\.m2\repository\com\fasterxml\jackson\core\jackson-databind\2.15.3\jackson-databind-2.15.3.jar;C:\Users\zykai\.m2\repository\com\fasterxml\jackson\core\jackson-annotations\2.15.3\jackson-annotations-2.15.3.jar;C:\Users\zykai\.m2\repository\com\fasterxml\jackson\core\jackson-core\2.15.3\jackson-core-2.15.3.jar;C:\Users\zykai\.m2\repository\com\fasterxml\jackson\datatype\jackson-datatype-jdk8\2.15.3\jackson-datatype-jdk8-2.15.3.jar;C:\Users\zykai\.m2\repository\com\fasterxml\jackson\datatype\jackson-datatype-jsr310\2.15.3\jackson-datatype-jsr310-2.15.3.jar;C:\Users\zykai\.m2\repository\com\fasterxml\jackson\module\jackson-module-parameter-names\2.15.3\jackson-module-parameter-names-2.15.3.jar;C:\Users\zykai\.m2\repository\org\springframework\boot\spring-boot-starter-tomcat\3.2.2\spring-boot-starter-tomcat-3.2.2.jar;C:\Users\zykai\.m2\repository\org\apache\tomcat\embed\tomcat-embed-core\10.1.18\tomcat-embed-core-10.1.18.jar;C:\Users\zykai\.m2\repository\org\apache\tomcat\embed\tomcat-embed-el\10.1.18\tomcat-embed-el-10.1.18.jar;C:\Users\zykai\.m2\repository\org\apache\tomcat\embed\tomcat-embed-websocket\10.1.18\tomcat-embed-websocket-10.1.18.jar;C:\Users\zykai\.m2\repository\org\springframework\spring-web\6.1.3\spring-web-6.1.3.jar;C:\Users\zykai\.m2\repository\org\springframework\spring-beans\6.1.3\spring-beans-6.1.3.jar;C:\Users\zykai\.m2\repository\io\micrometer\micrometer-observation\1.12.2\micrometer-observation-1.12.2.jar;C:\Users\zykai\.m2\repository\io\micrometer\micrometer-commons\1.12.2\micrometer-commons-1.12.2.jar;C:\Users\zykai\.m2\repository\org\springframework\spring-webmvc\6.1.3\spring-webmvc-6.1.3.jar;C:\Users\zykai\.m2\repository\org\springframework\spring-aop\6.1.3\spring-aop-6.1.3.jar;C:\Users\zykai\.m2\repository\org\springframework\spring-context\6.1.3\spring-context-6.1.3.jar;C:\Users\zykai\.m2\repository\org\springframework\spring-expression\6.1.3\spring-expression-6.1.3.jar;C:\Users\zykai\.m2\repository\org\slf4j\slf4j-api\2.0.11\slf4j-api-2.0.11.jar;C:\Users\zykai\.m2\repository\org\springframework\spring-core\6.1.3\spring-core-6.1.3.jar;C:\Users\zykai\.m2\repository\org\springframework\spring-jcl\6.1.3\spring-jcl-6.1.3.jar;C:\Program Files\JetBrains\IntelliJ IDEA Community Edition 2023.1\lib\idea_rt.jar
Launcher Type: SUN_STANDARD

[Global flags]
     intx CICompilerCount                          = 4                                         {product} {ergonomic}
     uint ConcGCThreads                            = 2                                         {product} {ergonomic}
     uint G1ConcRefinementThreads                  = 8                                         {product} {ergonomic}
   size_t G1HeapRegionSize                         = 2097152                                   {product} {ergonomic}
    uintx GCDrainStackTargetSize                   = 64                                        {product} {ergonomic}
   size_t InitialHeapSize                          = 234881024                                 {product} {ergonomic}
   size_t MarkStackSize                            = 4194304                                   {product} {ergonomic}
   size_t MaxHeapSize                              = 3726639104                                {product} {ergonomic}
   size_t MaxNewSize                               = 2235564032                                {product} {ergonomic}
   size_t MinHeapDeltaBytes                        = 2097152                                   {product} {ergonomic}
   size_t MinHeapSize                              = 8388608                                   {product} {ergonomic}
    uintx NonNMethodCodeHeapSize                   = 5839372                                {pd product} {ergonomic}
    uintx NonProfiledCodeHeapSize                  = 122909434                              {pd product} {ergonomic}
    uintx ProfiledCodeHeapSize                     = 122909434                              {pd product} {ergonomic}
    uintx ReservedCodeCacheSize                    = 251658240                              {pd product} {ergonomic}
     bool SegmentedCodeCache                       = true                                      {product} {ergonomic}
   size_t SoftMaxHeapSize                          = 3726639104                             {manageable} {ergonomic}
     bool UseCompressedClassPointers               = true                           {product lp64_product} {ergonomic}
     bool UseCompressedOops                        = true                           {product lp64_product} {ergonomic}
     bool UseG1GC                                  = true                                      {product} {ergonomic}
     bool UseLargePagesIndividualAllocation        = false                                  {pd product} {ergonomic}

Logging:
Log output configuration:
 #0: stdout all=warning uptime,level,tags foldmultilines=false
 #1: stderr all=off uptime,level,tags foldmultilines=false

Environment Variables:
JAVA_HOME=C:\Program Files\Java\jdk-19
PATH=C:\Program Files\Eclipse Adoptium\jdk-17.0.5.8-hotspot\bin;C:\Program Files\Common Files\Oracle\Java\javapath;C:\Program Files\Python311\Scripts\;C:\Program Files\Python311\;D:\Program Files\Python312\Scripts\;D:\Program Files\Python312\;D:\Program Files\Python311\Scripts\;D:\Program Files\Python311\;C:\Program Files (x86)\Intel\Intel(R) Management Engine Components\iCLS\;C:\Program Files\Intel\Intel(R) Management Engine Components\iCLS\;C:\Windows\system32;C:\Windows;C:\Windows\System32\Wbem;C:\Windows\System32\WindowsPowerShell\v1.0\;C:\Windows\System32\OpenSSH\;C:\Program Files (x86)\Intel\Intel(R) Management Engine Components\DAL;C:\Program Files\Intel\Intel(R) Management Engine Components\DAL;C:\Program Files (x86)\Intel\Intel(R) Management Engine Components\IPT;C:\Program Files\Intel\Intel(R) Management Engine Components\IPT;C:\Program Files (x86)\NVIDIA Corporation\PhysX\Common;C:\Program Files\Intel\WiFi\bin\;C:\Program Files\Common Files\Intel\WirelessCommon\;C:\Program Files\NVIDIA Corporation\NVIDIA NvDLISR;C:\WINDOWS\system32;C:\WINDOWS;C:\WINDOWS\System32\Wbem;C:\WINDOWS\System32\WindowsPowerShell\v1.0\;C:\WINDOWS\System32\OpenSSH\;C:\Program Files (x86)\HP\Common\HPDestPlgIn\;C:\Program Files (x86)\HP\IdrsOCR_15.2.10.1114\;C:\Program Files\dotnet\;D:\Program Files\Redis\;C:\Program Files (x86)\dotnet\;C:\Program Files\WireGuard\;C:\Program Files\Docker\Docker\resources\bin;C:\Program Files (x86)\AOMEI\AOMEI Backupper\7.2.3;C:\Program Files\Microsoft SQL Server\150\Tools\Binn\;C:\Program Files\Microsoft SQL Server\Client SDK\ODBC\170\Tools\Binn\;D:\Program Files\Git\cmd;C:\Users\zykai\.local\bin;C:\Program Files (x86)\Microsoft Visual Studio\2022\VSC\VC\Tools\MSVC\14.38.33130\bin\Hostx64\x64;C:\apache-maven-3.9.6\bin;C:\Users\zykai\.pyenv\pyenv-win\bin;C:\Users\zykai\.pyenv\pyenv-win\shims;C:\Program Files\MySQL\MySQL Shell 8.0\bin\;C:\Users\zykai\AppData\Local\Programs\Python\Launcher\;C:\Users\zykai\AppData\Local\Microsoft\WindowsApps;C:\Program Files\Intel\WiFi\bin\;C:\Program Files\Common Files\Intel\WirelessCommon\;C:\Program Files (x86)\HP\Common\HPDestPlgIn\;;C:\Users\zykai\.dotnet\tools;C:\Program Files\JetBrains\PyCharm Community Edition 2022.2.3\bin;;D:\Programs\Microsoft VS Code\bin;C:\Program Files\JetBrains\IntelliJ IDEA Community Edition 2022.2.3\bin;;C:\Users\zykai\AppData\Local\Programs\Microsoft VS Code\bin;D:\Program Files (x86)\Brackets\;D:\Program Files\JetBrains\WebStorm 2023.1.3\bin;
USERNAME=shuman
OS=Windows_NT
PROCESSOR_IDENTIFIER=Intel64 Family 6 Model 158 Stepping 10, GenuineIntel
TMP=C:\Users\zykai\AppData\Local\Temp
TEMP=C:\Users\zykai\AppData\Local\Temp



---------------  S Y S T E M  ---------------

OS:
 Windows 10 , 64 bit Build 19041 (10.0.19041.3636)
OS uptime: 0 days 3:32 hours
Hyper-V role detected

CPU: total 8 (initial active 8) (4 cores per cpu, 2 threads per core) family 6 model 158 stepping 10 microcode 0xb4, cx8, cmov, fxsr, ht, mmx, 3dnowpref, sse, sse2, sse3, ssse3, sse4.1, sse4.2, popcnt, lzcnt, tsc, tscinvbit, avx, avx2, aes, erms, clmul, bmi1, bmi2, adx, fma, vzeroupper, clflush, clflushopt, hv, rdtscp

Memory: 4k page, system-wide physical 14213M (7142M free)
TotalPageFile size 16261M (AvailPageFile size 5M)
current process WorkingSet (physical memory assigned to process): 85M, peak: 85M
current process commit charge ("private bytes"): 331M, peak: 331M

vm_info: Java HotSpot(TM) 64-Bit Server VM (19.0.1+10-21) for windows-amd64 JRE (19.0.1+10-21), built on 2022-09-14T12:45:06Z by "mach5one" with MS VC++ 17.1 (VS2022)

END.
